0x80000000:jal    zero,0x00050    pc=0x800000a0,zero=0x80000004
0x800000a0:auipc  sp,0x00008          sp=0x800000a0+0x00008000=0x800080a0
0x800000a4:addi   sp,sp,0xf60         sp=0x800080a0+0xffffff60=0x80008000
0x800000a8:jal    ra,0xfffcc    pc=0x80000040,ra=0x800000ac
0x80000040:auipc  a0,0x00001          a0=0x80000040+0x00001000=0x80001040
0x80000044:addi   a0,a0,0x834         a0=0x80001040+0xfffff834=0x80000874
0x80000048:auipc  a1,0x00001          a1=0x80000048+0x00001000=0x80001048
0x8000004c:addi   a1,a1,0x82c         a1=0x80001048+0xfffff82c=0x80000874
0x80000050:sw     zero,0x000(a0)        mem[0x80000874]=0x00000000
0x80000054:addi   a0,a0,0x004         a0=0x80000874+0x00000004=0x80000878
0x80000058:blt    a0,a1,0xffc         (0x80000878<0x80000874)=0->pc=0x8000005c
0x8000005c:jalr   zero,ra,0x000       pc=0x800000ac+0x00000000,zero=0x80000060
0x800000ac:jal    ra,0x00304    pc=0x800006b4,ra=0x800000b0
0x800006b4:addi   sp,sp,0xff0         sp=0x80008000+0xfffffff0=0x80007ff0
0x800006b8:sw     ra,0x000(sp)        mem[0x80007ff0]=0x800000b0
0x800006bc:jal    ra,0xffcfe    pc=0x800000b8,ra=0x800006c0
0x800000b8:lui    gp,0x01010          gp=0x01010000
0x800000bc:addi   gp,gp,0x101         gp=0x01010000+0x00000101=0x01010101
0x800000c0:lui    tp,0x10101          tp=0x10101000
0x800000c4:addi   tp,tp,0x010         tp=0x10101000+0x00000010=0x10101010
0x800000c8:lui    a0,0xa0a0a          a0=0xa0a0a000
0x800000cc:addi   a0,a0,0x0a0         a0=0xa0a0a000+0x000000a0=0xa0a0a0a0
0x800000d0:lui    a1,0xa1a1a          a1=0xa1a1a000
0x800000d4:addi   a1,a1,0x1a1         a1=0xa1a1a000+0x000001a1=0xa1a1a1a1
0x800000d8:lui    a2,0xa2a2a          a2=0xa2a2a000
0x800000dc:addi   a2,a2,0x2a2         a2=0xa2a2a000+0x000002a2=0xa2a2a2a2
0x800000e0:lui    a3,0xa3a3a          a3=0xa3a3a000
0x800000e4:addi   a3,a3,0x3a3         a3=0xa3a3a000+0x000003a3=0xa3a3a3a3
0x800000e8:lui    a4,0xa4a4a          a4=0xa4a4a000
0x800000ec:addi   a4,a4,0x4a4         a4=0xa4a4a000+0x000004a4=0xa4a4a4a4
0x800000f0:lui    a5,0xa5a5a          a5=0xa5a5a000
0x800000f4:addi   a5,a5,0x5a5         a5=0xa5a5a000+0x000005a5=0xa5a5a5a5
0x800000f8:lui    a6,0xa6a6a          a6=0xa6a6a000
0x800000fc:addi   a6,a6,0x6a6         a6=0xa6a6a000+0x000006a6=0xa6a6a6a6
0x80000100:lui    a7,0xa7a7a          a7=0xa7a7a000
0x80000104:addi   a7,a7,0x7a7         a7=0xa7a7a000+0x000007a7=0xa7a7a7a7
0x80000108:lui    t0,0x20202          t0=0x20202000
0x8000010c:addi   t0,t0,0x020         t0=0x20202000+0x00000020=0x20202020
0x80000110:lui    t1,0x21212          t1=0x21212000
0x80000114:addi   t1,t1,0x121         t1=0x21212000+0x00000121=0x21212121
0x80000118:lui    t2,0x22222          t2=0x22222000
0x8000011c:addi   t2,t2,0x222         t2=0x22222000+0x00000222=0x22222222
0x80000120:lui    t3,0x23232          t3=0x23232000
0x80000124:addi   t3,t3,0x323         t3=0x23232000+0x00000323=0x23232323
0x80000128:lui    t4,0x24242          t4=0x24242000
0x8000012c:addi   t4,t4,0x424         t4=0x24242000+0x00000424=0x24242424
0x80000130:lui    t5,0x25252          t5=0x25252000
0x80000134:addi   t5,t5,0x525         t5=0x25252000+0x00000525=0x25252525
0x80000138:lui    t6,0x26262          t6=0x26262000
0x8000013c:addi   t6,t6,0x626         t6=0x26262000+0x00000626=0x26262626
0x80000140:lui    s0,0x44444          s0=0x44444000
0x80000144:addi   s0,s0,0x444         s0=0x44444000+0x00000444=0x44444444
0x80000148:lui    s1,0x55555          s1=0x55555000
0x8000014c:addi   s1,s1,0x555         s1=0x55555000+0x00000555=0x55555555
0x80000150:lui    s2,0x66666          s2=0x66666000
0x80000154:addi   s2,s2,0x666         s2=0x66666000+0x00000666=0x66666666
0x80000158:lui    s3,0x77777          s3=0x77777000
0x8000015c:addi   s3,s3,0x777         s3=0x77777000+0x00000777=0x77777777
0x80000160:lui    s4,0x88889          s4=0x88889000
0x80000164:addi   s4,s4,0x888         s4=0x88889000+0xfffff888=0x88888888
0x80000168:lui    s5,0x9999a          s5=0x9999a000
0x8000016c:addi   s5,s5,0x999         s5=0x9999a000+0xfffff999=0x99999999
0x80000170:lui    s6,0xaaaab          s6=0xaaaab000
0x80000174:addi   s6,s6,0xaaa         s6=0xaaaab000+0xfffffaaa=0xaaaaaaaa
0x80000178:lui    s7,0xbbbbc          s7=0xbbbbc000
0x8000017c:addi   s7,s7,0xbbb         s7=0xbbbbc000+0xfffffbbb=0xbbbbbbbb
0x80000180:lui    s8,0xccccd          s8=0xccccd000
0x80000184:addi   s8,s8,0xccc         s8=0xccccd000+0xfffffccc=0xcccccccc
0x80000188:lui    s9,0xdddde          s9=0xdddde000
0x8000018c:addi   s9,s9,0xddd         s9=0xdddde000+0xfffffddd=0xdddddddd
0x80000190:lui    s10,0xeeeef          s10=0xeeeef000
0x80000194:addi   s10,s10,0xeee         s10=0xeeeef000+0xfffffeee=0xeeeeeeee
0x80000198:addi   s11,zero,0xfff         s11=0x00000000+0xffffffff=0xffffffff
0x8000019c:jalr   zero,ra,0x000       pc=0x800006c0+0x00000000,zero=0x800001a0
0x800006c0:jal    ra,0xffd70    pc=0x800001a0,ra=0x800006c4
0x800001a0:beq    sp,ra,0x000   (0x80007ff0==0x800006c4)=0->pc=0x800001a4
0x800001a4:beq    zero,gp,0x000   (0x00000000==0x01010101)=0->pc=0x800001a8
0x800001a8:beq    tp,t6,0x000   (0x10101010==0x26262626)=0->pc=0x800001ac
0x800001ac:beq    s11,a6,0x000   (0xffffffff==0xa6a6a6a6)=0->pc=0x800001b0
0x800001b0:beq    s7,s7,0x002   (0xbbbbbbbb==0xbbbbbbbb)=1->pc=0x800001b4
0x800001b4:bne    zero,zero,0x000       (0x00000000!=0x00000000)=0->pc=0x800001b...
0x800001b8:bne    gp,gp,0x000       (0x01010101!=0x01010101)=0->pc=0x800001bc
0x800001bc:bne    tp,tp,0x000       (0x10101010!=0x10101010)=0->pc=0x800001c0
0x800001c0:bne    a2,a2,0x000       (0xa2a2a2a2!=0xa2a2a2a2)=0->pc=0x800001c4
0x800001c4:bne    a5,s10,0x002       (0xa5a5a5a5!=0xeeeeeeee)=1->pc=0x800001c8
0x800001c8:blt    s0,t6,0x000         (0x44444444<0x26262626)=0->pc=0x800001cc
0x800001cc:blt    tp,a7,0x000         (0x10101010<0xa7a7a7a7)=0->pc=0x800001d0
0x800001d0:blt    s9,s9,0x000         (0xdddddddd<0xdddddddd)=0->pc=0x800001d4
0x800001d4:blt    s11,a0,0x000         (0xffffffff<0xa0a0a0a0)=0->pc=0x800001d8
0x800001d8:blt    s4,gp,0x002         (0x88888888<0x01010101)=1->pc=0x800001dc
0x800001dc:bge    s8,t1,0x000   (0xcccccccc>=0x21212121)=0->pc=0x00000000
0x800001e0:bge    t3,t5,0x000   (0x23232323>=0x25252525)=0->pc=0x00000000
0x800001e4:bge    a3,t1,0x000   (0xa3a3a3a3>=0x21212121)=0->pc=0x00000000
0x800001e8:bge    gp,tp,0x000   (0x01010101>=0x10101010)=0->pc=0x00000000
0x800001ec:bge    s3,s11,0x002   (0x77777777>=0xffffffff)=1->pc=0x00000002
0x800001f0:bltu    s11,s10,0x000   (0xffffffff<0xeeeeeeee)=0->pc=0x800001f4
0x800001f4:bltu    s3,t5,0x000   (0x77777777<0x25252525)=0->pc=0x800001f8
0x800001f8:bltu    a4,t4,0x000   (0xa4a4a4a4<0x24242424)=0->pc=0x800001fc
0x800001fc:bltu    tp,tp,0x000   (0x10101010<0x10101010)=0->pc=0x80000200
0x80000200:bltu    s11,zero,0x002   (0xffffffff<0x00000000)=0->pc=0x80000204
0x80000204:bgeu    s10,s11,0x000   (0xeeeeeeee>=0xffffffff)=0->pc=0x80000208
0x80000208:bgeu    t4,s4,0x000   (0x24242424>=0x88888888)=0->pc=0x8000020c
0x8000020c:bgeu    a3,a4,0x000   (0xa3a3a3a3>=0xa4a4a4a4)=0->pc=0x80000210
0x80000210:bgeu    gp,a5,0x000   (0x01010101>=0xa5a5a5a5)=0->pc=0x80000214
0x80000214:bgeu    s11,s2,0x002   (0xffffffff>=0x66666666)=1->pc=0x80000218
0x80000218:jalr   zero,ra,0x000       pc=0x800006c4+0x00000000,zero=0x8000021c
0x800006c4:jal    ra,0xffdac    pc=0x8000021c,ra=0x800006c8
0x8000021c:slli   t0,ra,30        t0=0x800006c8<<30=0x00000000
0x80000220:slli   t1,a1,24        t1=0xa1a1a1a1<<24=0xa1000000
0x80000224:slli   t2,s2,20        t2=0x66666666<<20=0x66600000
0x80000228:slli   t3,t5,16        t3=0x25252525<<16=0x25250000
0x8000022c:slli   zero,s11,30        zero=0xffffffff<<30=0xc0000000
0x80000230:beq    zero,s11,0x000   (0x00000000==0xffffffff)=0->pc=0x80000234
0x80000234:slti   t3,t0,0x003  t3=(0x00000000<0x00000007)=1
0x80000238:slti   t4,s11,0x7ff  t4=(0xffffffff<0xffffffff)=0
0x8000023c:slti   t5,s3,0x380  t5=(0x77777777<0x00000700)=0
0x80000240:slti   t6,s4,0x7ff  t6=(0x88888888<0xffffffff)=1
0x80000244:slti   zero,gp,0x269  zero=(0x01010101<0x000004d2)=0
0x80000248:beq    t3,t4,0x000   (0x00000001==0x00000000)=0->pc=0x8000024c
0x8000024c:beq    t5,t6,0x000   (0x00000000==0x00000001)=0->pc=0x80000250
0x80000250:sltiu   t0,s11,0x7ff  t0=(0xffffffff<0xffffffff)=0
0x80000254:sltiu   t1,s3,0x600  t1=(0x77777777<0xfffffc00)=1
0x80000258:sltiu   t2,gp,0x7ff  t2=(0x01010101<0xffffffff)=1
0x8000025c:sltiu   t3,tp,0x2d5  t3=(0x10101010<0x000005aa)=0
0x80000260:sltiu   zero,ra,0x000  zero=(0x800006c8<0x00000000)=0
0x80000264:beq    t0,t1,0x000   (0x00000000==0x00000001)=0->pc=0x80000268
0x80000268:beq    t2,t3,0x000   (0x00000001==0x00000000)=0->pc=0x8000026c
0x8000026c:srli   zero,ra,15  zero=0x800006c8>>15=0x00010000
0x80000270:srli   zero,gp,16  zero=0x01010101>>16=0x00000101
0x80000274:srli   zero,sp,7  zero=0x80007ff0>>7=0x010000ff
0x80000278:srli   zero,tp,8  zero=0x10101010>>8=0x00101010
0x8000027c:srli   s11,s11,30  s11=0xffffffff>>30=0x00000003
0x80000280:beq    t0,s11,0x000   (0x00000000==0x00000003)=0->pc=0x80000284
0x80000284:srai   s10,s10,31  s10=0xeeeeeeee>>>31=0xffffffff
0x80000288:srai   t0,s9,31  t0=0xdddddddd>>>31=0xffffffff
0x8000028c:srai   zero,s7,7  zero=0xbbbbbbbb>>>7=0xff777777
0x80000290:srai   zero,a4,8  zero=0xa4a4a4a4>>>8=0xffa4a4a4
0x80000294:srai   zero,t5,15  zero=0x00000000>>>15=0x00000000
0x80000298:bne    t0,s10,0x000       (0xffffffff!=0xffffffff)=0->pc=0x8000029c
0x8000029c:sll    t6,s9,t6   t6=0xdddddddd<<1=0xbbbbbbba
0x800002a0:sll    t5,a4,s0   t5=0xa4a4a4a4<<4=0x4a4a4a40
0x800002a4:sll    t4,t6,a6   t4=0xbbbbbbba<<6=0xeeeeee80
0x800002a8:sll    t3,a0,a1   t3=0xa0a0a0a0<<1=0x41414140
0x800002ac:sll    zero,s8,zero   zero=0xcccccccc<<0=0xcccccccc
0x800002b0:bge    t4,t5,0x000   (0xeeeeee80>=0x4a4a4a40)=0->pc=0x00000000
0x800002b4:slt    t0,a0,s0   t0=(0xa0a0a0a0<0x44444444)=1
0x800002b8:slt    t1,s1,a7   t1=(0x55555555<0xa7a7a7a7)=0
0x800002bc:slt    t2,s10,gp   t2=(0xffffffff<0x01010101)=1
0x800002c0:slt    t3,tp,s8   t3=(0x10101010<0xcccccccc)=0
0x800002c4:slt    t4,ra,a5   t4=(0x800006c8<0xa5a5a5a5)=1
0x800002c8:slt    t5,zero,a3   t5=(0x00000000<0xa3a3a3a3)=0
0x800002cc:slt    t6,t6,s11   t6=(0xbbbbbbba<0x00000003)=1
0x800002d0:bltu    t0,t1,0x000   (0x00000001<0x00000000)=0->pc=0x800002d4
0x800002d4:bgeu    t1,t2,0x000   (0x00000000>=0x00000001)=0->pc=0x800002d8
0x800002d8:sltu    t0,a0,s0   t0=(0xa0a0a0a0<0x44444444)=0
0x800002dc:sltu    t1,s1,a7   t1=(0x55555555<0xa7a7a7a7)=1
0x800002e0:sltu    t2,s10,gp   t2=(0xffffffff<0x01010101)=0
0x800002e4:sltu    t3,tp,s8   t3=(0x10101010<0xcccccccc)=1
0x800002e8:sltu    t4,a5,ra   t4=(0xa5a5a5a5<0x800006c8)=0
0x800002ec:sltu    t5,zero,a3   t5=(0x00000000<0xa3a3a3a3)=1
0x800002f0:sltu    t6,s1,t6   t6=(0x55555555<0x00000001)=0
0x800002f4:blt    t1,t0,0x000         (0x00000001<0x00000000)=0->pc=0x800002f8
0x800002f8:bge    t2,t3,0x000   (0x00000000>=0x00000001)=0->pc=0x00000000
0x800002fc:srl    t6,a4,s4   t6=0xa4a4a4a4>>8=0x00a4a4a4
0x80000300:srl    t5,s4,a4   t5=0x88888888>>4=0x08888888
0x80000304:srl    t4,ra,sp   t4=0x800006c8>>16=0x00008000
0x80000308:srl    t3,sp,ra   t3=0x80007ff0>>8=0x0080007f
0x8000030c:srl    t2,gp,tp   t2=0x01010101>>16=0x00000101
0x80000310:srl    t1,tp,gp   t1=0x10101010>>1=0x08080808
0x80000314:srl    t0,s11,s0   t0=0x00000003>>4=0x00000000
0x80000318:beq    t3,t4,0x000   (0x0080007f==0x00008000)=0->pc=0x8000031c
0x8000031c:bge    t0,t1,0x000   (0x00000000>=0x08080808)=0->pc=0x00000000
0x80000320:sra    t0,a5,t1   t0=0xa5a5a5a5>>>8=0xffa5a5a5
0x80000324:sra    t1,s5,t2   t1=0x99999999>>>1=0xcccccccc
0x80000328:sra    t2,t5,t3   t2=0x08888888>>>31=0x00000000
0x8000032c:sra    t3,s11,t4   t3=0x00000003>>>0=0x00000003
0x80000330:sra    t4,s9,t5   t4=0xdddddddd>>>8=0xffdddddd
0x80000334:sra    t5,sp,t6   t5=0x80007ff0>>>4=0xf80007ff
0x80000338:sra    t6,gp,t0   t6=0x01010101>>>5=0x00080808
0x8000033c:bltu    t4,t3,0x000   (0xffdddddd<0x00000003)=0->pc=0x80000340
0x80000340:bge    t1,t0,0x000   (0xcccccccc>=0xffa5a5a5)=0->pc=0x00000000
0x80000344:jalr   zero,ra,0x000       pc=0x800006c8+0x00000000,zero=0x80000348
0x800006c8:jal    ra,0xffe40    pc=0x80000348,ra=0x800006cc
0x80000348:addi   t0,s11,0xfff         t0=0x00000003+0xffffffff=0x00000002
0x8000034c:addi   t1,t1,0x000         t1=0xcccccccc+0x00000000=0xcccccccc
0x80000350:addi   t2,a5,0x080         t2=0xa5a5a5a5+0x00000080=0xa5a5a625
0x80000354:addi   t3,s5,0x0ff         t3=0x99999999+0x000000ff=0x99999a98
0x80000358:addi   t4,t5,0x3ff         t4=0xf80007ff+0x000003ff=0xf8000bfe
0x8000035c:addi   t5,t1,0x400         t5=0xcccccccc+0x00000400=0xccccd0cc
0x80000360:addi   t6,a1,0x800         t6=0xa1a1a1a1+0xfffff800=0xa1a199a1
0x80000364:blt    t1,t6,0x000         (0xcccccccc<0xa1a199a1)=0->pc=0x80000368
0x80000368:xori   t6,t5,0x7ff  t6=0xccccd0cc^0xffffffff=0x33332f33
0x8000036c:xori   t5,t6,0x000  t5=0x33332f33^0x00000001=0x33332f32
0x80000370:xori   t4,s10,0x3ff  t4=0xffffffff^0x000007ff=0xfffff800
0x80000374:xori   t3,a3,0x001  t3=0xa3a3a3a3^0x00000003=0xa3a3a3a0
0x80000378:xori   t2,a1,0x400  t2=0xa1a1a1a1^0xfffff800=0x5e5e59a1
0x8000037c:xori   t1,s8,0x3de  t1=0xcccccccc^0x000007bc=0xcccccb70
0x80000380:xori   t0,t0,0x000  t0=0x00000002^0x00000000=0x00000002
0x80000384:bge    t5,t6,0x000   (0x33332f32>=0x33332f33)=0->pc=0x00000000
0x80000388:ori   t4,s9,0xfff  t4=0xdddddddd|0xffffffff=0xffffffff
0x8000038c:ori   t3,a7,0xfff  t3=0xa7a7a7a7|0xffffffff=0xffffffff
0x80000390:ori   t6,gp,0xfff  t6=0x01010101|0xffffffff=0xffffffff
0x80000394:ori   t5,tp,0xfff  t5=0x10101010|0xffffffff=0xffffffff
0x80000398:ori   t0,ra,0xfff  t0=0x800006cc|0xffffffff=0xffffffff
0x8000039c:ori   t2,sp,0xfff  t2=0x80007ff0|0xffffffff=0xffffffff
0x800003a0:ori   t1,zero,0xfff  t1=0x00000000|0xffffffff=0xffffffff
0x800003a4:bne    t0,t1,0x000       (0xffffffff!=0xffffffff)=0->pc=0x800003a8
0x800003a8:andi   t2,t3,0x7ff  t2=0xffffffff&-1=0xffffffff
0x800003ac:andi   t5,t6,0x000  t5=0xffffffff&1=0x00000001
0x800003b0:andi   t4,t4,0x001  t4=0xffffffff&2=0x00000002
0x800003b4:andi   t0,s0,0x002  t0=0x44444444&4=0x00000004
0x800003b8:andi   t3,s1,0x1ff  t3=0x55555555&1023=0x00000155
0x800003bc:andi   t1,s2,0x3ff  t1=0x66666666&2047=0x00000666
0x800003c0:bltu    t2,t5,0x000   (0xffffffff<0x00000001)=0->pc=0x800003c4
0x800003c4:add    t0,ra,sp          t0=0x800006cc+0x80007ff0=0x000086bc
0x800003c8:add    t1,gp,zero          t1=0x01010101+0x00000000=0x01010101
.
.
.
0x8000059c:bne    t0,t1,0xfee       (0x80000863!=0x80000870)=1->pc=0x80000578
0x80000578:lb    t2,0x002(t0)   t2=mem[0x80000865]=0xffffffcc
0x8000057c:lh    t3,0x003(t0)   t3=mem[0x80000866]=0xffffaabb
0x80000580:lw     t3,0x004(t0)        t3=mem[0x80000867]=0xbbccddaa
0x80000584:lbu    t4,0x005(t0)   t4=mem[0x80000868]=0x000000dd
0x80000588:lhu    t5,0x006(t0)   t5=mem[0x80000869]=0x0000bbcc
0x8000058c:sb    t2,0xfff(t0)   mem[0x80000862]=0xffffffcc
0x80000590:sh    t3,0xffe(t0)   mem[0x80000861]=0xbbccddaa
0x80000594:sw     t4,0xffc(t0)        mem[0x8000085f]=0x000000dd
0x80000598:addi   t0,t0,0x001         t0=0x80000863+0x00000001=0x80000864
0x8000059c:bne    t0,t1,0xfee       (0x80000864!=0x80000870)=1->pc=0x80000578
0x80000578:lb    t2,0x002(t0)   t2=mem[0x80000866]=0xffffffbb
0x8000057c:lh    t3,0x003(t0)   t3=mem[0x80000867]=0xffffddaa
0x80000580:lw     t3,0x004(t0)        t3=mem[0x80000868]=0xaabbccdd
0x80000584:lbu    t4,0x005(t0)   t4=mem[0x80000869]=0x000000cc
0x80000588:lhu    t5,0x006(t0)   t5=mem[0x8000086a]=0x0000aabb
0x8000058c:sb    t2,0xfff(t0)   mem[0x80000863]=0xffffffbb
0x80000590:sh    t3,0xffe(t0)   mem[0x80000862]=0xaabbccdd
0x80000594:sw     t4,0xffc(t0)        mem[0x80000860]=0x000000cc
0x80000598:addi   t0,t0,0x001         t0=0x80000864+0x00000001=0x80000865
0x8000059c:bne    t0,t1,0xfee       (0x80000865!=0x80000870)=1->pc=0x80000578
0x80000578:lb    t2,0x002(t0)   t2=mem[0x80000867]=0xffffffaa
0x8000057c:lh    t3,0x003(t0)   t3=mem[0x80000868]=0xffffccdd
0x80000580:lw     t3,0x004(t0)        t3=mem[0x80000869]=0xddaabbcc
0x80000584:lbu    t4,0x005(t0)   t4=mem[0x8000086a]=0x000000bb
0x80000588:lhu    t5,0x006(t0)   t5=mem[0x8000086b]=0x0000ddaa
0x8000058c:sb    t2,0xfff(t0)   mem[0x80000864]=0xffffffaa
0x80000590:sh    t3,0xffe(t0)   mem[0x80000863]=0xddaabbcc
0x80000594:sw     t4,0xffc(t0)        mem[0x80000861]=0x000000bb
0x80000598:addi   t0,t0,0x001         t0=0x80000865+0x00000001=0x80000866
0x8000059c:bne    t0,t1,0xfee       (0x80000866!=0x80000870)=1->pc=0x80000578
0x80000578:lb    t2,0x002(t0)   t2=mem[0x80000868]=0xffffffdd
0x8000057c:lh    t3,0x003(t0)   t3=mem[0x80000869]=0xffffbbcc
0x80000580:lw     t3,0x004(t0)        t3=mem[0x8000086a]=0xccddaabb
0x80000584:lbu    t4,0x005(t0)   t4=mem[0x8000086b]=0x000000aa
0x80000588:lhu    t5,0x006(t0)   t5=mem[0x8000086c]=0x0000ccdd
0x8000058c:sb    t2,0xfff(t0)   mem[0x80000865]=0xffffffdd
0x80000590:sh    t3,0xffe(t0)   mem[0x80000864]=0xccddaabb
0x80000594:sw     t4,0xffc(t0)        mem[0x80000862]=0x000000aa
0x80000598:addi   t0,t0,0x001         t0=0x80000866+0x00000001=0x80000867
0x8000059c:bne    t0,t1,0xfee       (0x80000867!=0x80000870)=1->pc=0x80000578
0x80000578:lb    t2,0x002(t0)   t2=mem[0x80000869]=0xffffffcc
0x8000057c:lh    t3,0x003(t0)   t3=mem[0x8000086a]=0xffffaabb
0x80000580:lw     t3,0x004(t0)        t3=mem[0x8000086b]=0xbbccddaa
0x80000584:lbu    t4,0x005(t0)   t4=mem[0x8000086c]=0x000000dd
0x80000588:lhu    t5,0x006(t0)   t5=mem[0x8000086d]=0x0000bbcc
0x8000058c:sb    t2,0xfff(t0)   mem[0x80000866]=0xffffffcc
0x80000590:sh    t3,0xffe(t0)   mem[0x80000865]=0xbbccddaa
0x80000594:sw     t4,0xffc(t0)        mem[0x80000863]=0x000000dd
0x80000598:addi   t0,t0,0x001         t0=0x80000867+0x00000001=0x80000868
0x8000059c:bne    t0,t1,0xfee       (0x80000868!=0x80000870)=1->pc=0x80000578
0x80000578:lb    t2,0x002(t0)   t2=mem[0x8000086a]=0xffffffbb
0x8000057c:lh    t3,0x003(t0)   t3=mem[0x8000086b]=0xffffddaa
0x80000580:lw     t3,0x004(t0)        t3=mem[0x8000086c]=0xaabbccdd
0x80000584:lbu    t4,0x005(t0)   t4=mem[0x8000086d]=0x000000cc
0x80000588:lhu    t5,0x006(t0)   t5=mem[0x8000086e]=0x0000aabb
0x8000058c:sb    t2,0xfff(t0)   mem[0x80000867]=0xffffffbb
0x80000590:sh    t3,0xffe(t0)   mem[0x80000866]=0xaabbccdd
0x80000594:sw     t4,0xffc(t0)        mem[0x80000864]=0x000000cc
0x80000598:addi   t0,t0,0x001         t0=0x80000868+0x00000001=0x80000869
0x8000059c:bne    t0,t1,0xfee       (0x80000869!=0x80000870)=1->pc=0x80000578
0x80000578:lb    t2,0x002(t0)   t2=mem[0x8000086b]=0xffffffaa
0x8000057c:lh    t3,0x003(t0)   t3=mem[0x8000086c]=0xffffccdd
0x80000580:lw     t3,0x004(t0)        t3=mem[0x8000086d]=0xddaabbcc
0x80000584:lbu    t4,0x005(t0)   t4=mem[0x8000086e]=0x000000bb
0x80000588:lhu    t5,0x006(t0)   t5=mem[0x8000086f]=0x0000ddaa
0x8000058c:sb    t2,0xfff(t0)   mem[0x80000868]=0xffffffaa
0x80000590:sh    t3,0xffe(t0)   mem[0x80000867]=0xddaabbcc
0x80000594:sw     t4,0xffc(t0)        mem[0x80000865]=0x000000bb
0x80000598:addi   t0,t0,0x001         t0=0x80000869+0x00000001=0x8000086a
0x8000059c:bne    t0,t1,0xfee       (0x8000086a!=0x80000870)=1->pc=0x80000578
0x80000578:lb    t2,0x002(t0)   t2=mem[0x8000086c]=0xffffffdd
0x8000057c:lh    t3,0x003(t0)   t3=mem[0x8000086d]=0xffffbbcc
0x80000580:lw     t3,0x004(t0)        t3=mem[0x8000086e]=0xccddaabb
0x80000584:lbu    t4,0x005(t0)   t4=mem[0x8000086f]=0x000000aa
0x80000588:lhu    t5,0x006(t0)   t5=mem[0x80000870]=0x0000ccdd
0x8000058c:sb    t2,0xfff(t0)   mem[0x80000869]=0xffffffdd
0x80000590:sh    t3,0xffe(t0)   mem[0x80000868]=0xccddaabb
0x80000594:sw     t4,0xffc(t0)        mem[0x80000866]=0x000000aa
0x80000598:addi   t0,t0,0x001         t0=0x8000086a+0x00000001=0x8000086b
0x8000059c:bne    t0,t1,0xfee       (0x8000086b!=0x80000870)=1->pc=0x80000578
0x80000578:lb    t2,0x002(t0)   t2=mem[0x8000086d]=0xffffffcc
0x8000057c:lh    t3,0x003(t0)   t3=mem[0x8000086e]=0xffffaabb
0x80000580:lw     t3,0x004(t0)        t3=mem[0x8000086f]=0xbbccddaa
0x80000584:lbu    t4,0x005(t0)   t4=mem[0x80000870]=0x000000dd
0x80000588:lhu    t5,0x006(t0)   t5=mem[0x80000871]=0x0000bbcc
0x8000058c:sb    t2,0xfff(t0)   mem[0x8000086a]=0xffffffcc
0x80000590:sh    t3,0xffe(t0)   mem[0x80000869]=0xbbccddaa
0x80000594:sw     t4,0xffc(t0)        mem[0x80000867]=0x000000dd
0x80000598:addi   t0,t0,0x001         t0=0x8000086b+0x00000001=0x8000086c
0x8000059c:bne    t0,t1,0xfee       (0x8000086c!=0x80000870)=1->pc=0x80000578
0x80000578:lb    t2,0x002(t0)   t2=mem[0x8000086e]=0xffffffbb
0x8000057c:lh    t3,0x003(t0)   t3=mem[0x8000086f]=0xffffddaa
0x80000580:lw     t3,0x004(t0)        t3=mem[0x80000870]=0xaabbccdd
0x80000584:lbu    t4,0x005(t0)   t4=mem[0x80000871]=0x000000cc
0x80000588:lhu    t5,0x006(t0)   t5=mem[0x80000872]=0x0000aabb
0x8000058c:sb    t2,0xfff(t0)   mem[0x8000086b]=0xffffffbb
0x80000590:sh    t3,0xffe(t0)   mem[0x8000086a]=0xaabbccdd
0x80000594:sw     t4,0xffc(t0)        mem[0x80000868]=0x000000cc
0x80000598:addi   t0,t0,0x001         t0=0x8000086c+0x00000001=0x8000086d
0x8000059c:bne    t0,t1,0xfee       (0x8000086d!=0x80000870)=1->pc=0x80000578
0x80000578:lb    t2,0x002(t0)   t2=mem[0x8000086f]=0xffffffaa
0x8000057c:lh    t3,0x003(t0)   t3=mem[0x80000870]=0xffffccdd
0x80000580:lw     t3,0x004(t0)        t3=mem[0x80000871]=0x00aabbcc
0x80000584:lbu    t4,0x005(t0)   t4=mem[0x80000872]=0x000000bb
0x80000588:lhu    t5,0x006(t0)   t5=mem[0x80000873]=0x000000aa
0x8000058c:sb    t2,0xfff(t0)   mem[0x8000086c]=0xffffffaa
0x80000590:sh    t3,0xffe(t0)   mem[0x8000086b]=0x00aabbcc
0x80000594:sw     t4,0xffc(t0)        mem[0x80000869]=0x000000bb
0x80000598:addi   t0,t0,0x001         t0=0x8000086d+0x00000001=0x8000086e
0x8000059c:bne    t0,t1,0xfee       (0x8000086e!=0x80000870)=1->pc=0x80000578
0x80000578:lb    t2,0x002(t0)   t2=mem[0x80000870]=0xffffffdd
0x8000057c:lh    t3,0x003(t0)   t3=mem[0x80000871]=0xffffbbcc
0x80000580:lw     t3,0x004(t0)        t3=mem[0x80000872]=0x0000aabb
0x80000584:lbu    t4,0x005(t0)   t4=mem[0x80000873]=0x000000aa
0x80000588:lhu    t5,0x006(t0)   t5=mem[0x80000874]=0x00000000
0x8000058c:sb    t2,0xfff(t0)   mem[0x8000086d]=0xffffffdd
0x80000590:sh    t3,0xffe(t0)   mem[0x8000086c]=0x0000aabb
0x80000594:sw     t4,0xffc(t0)        mem[0x8000086a]=0x000000aa
0x80000598:addi   t0,t0,0x001         t0=0x8000086e+0x00000001=0x8000086f
0x8000059c:bne    t0,t1,0xfee       (0x8000086f!=0x80000870)=1->pc=0x80000578
0x80000578:lb    t2,0x002(t0)   t2=mem[0x80000871]=0xffffffcc
0x8000057c:lh    t3,0x003(t0)   t3=mem[0x80000872]=0xffffaabb
0x80000580:lw     t3,0x004(t0)        t3=mem[0x80000873]=0x000000aa
0x80000584:lbu    t4,0x005(t0)   t4=mem[0x80000874]=0x00000000
0x80000588:lhu    t5,0x006(t0)   t5=mem[0x80000875]=0x00000000
0x8000058c:sb    t2,0xfff(t0)   mem[0x8000086e]=0xffffffcc
0x80000590:sh    t3,0xffe(t0)   mem[0x8000086d]=0x000000aa
0x80000594:sw     t4,0xffc(t0)        mem[0x8000086b]=0x00000000
0x80000598:addi   t0,t0,0x001         t0=0x8000086f+0x00000001=0x80000870
0x8000059c:bne    t0,t1,0xfee       (0x80000870!=0x80000870)=0->pc=0x800005a0
0x800005a0:jalr   zero,ra,0x000       pc=0x800006d0+0x00000000,zero=0x800005a4
0x800006d0:jal    ra,0xfff6a    pc=0x800005a4,ra=0x800006d4
0x800005a4:mul    t0,sp,s11            t0=0x80007ff0*0x00000003=0x80017fd0
0x800005a8:mul    t1,a2,a6            t1=0xa2a2a2a2*0xa6a6a6a6=0x6bf6810c
0x800005ac:mul    t2,s2,a3            t2=0x66666666*0xa3a3a3a3=0x8b5824f2
0x800005b0:mul    t3,a5,tp            t3=0xa5a5a5a5*0x10101010=0x5f04aa50
0x800005b4:mul    t4,ra,sp            t4=0x800006d4*0x80007ff0=0x036992c0
0x800005b8:mul    t5,zero,gp            t5=0x00000000*0x800006e4=0x00000000
0x800005bc:mul    t6,t6,s2            t6=0x0000aabb*0x66666666=0xcccc8882
0x800005c0:bgeu    t4,t2,0x000   (0x036992c0>=0x8b5824f2)=0->pc=0x800005c4
0x800005c4:mulh   t0,ra,s11  t0=0x800006d4*0x00000003=0xfffffffe
0x800005c8:mulh   t1,sp,s6  t1=0x80007ff0*0xaaaaaaaa=0x2aaa8005
0x800005cc:mulh   t2,s1,a3  t2=0x55555555*0xa3a3a3a3=0xe1368be1
0x800005d0:mulh   t3,a6,s9  t3=0xa6a6a6a6*0xdddddddd=0x0be9c7a5
0x800005d4:mulh   t4,gp,ra  t4=0x800006e4*0x800006d4=0x3ffff924
0x800005d8:mulh   t5,t1,tp  t5=0x2aaa8005*0x10101010=0x02ad5555
0x800005dc:mulh   t6,t3,s2  t6=0x0be9c7a5*0x66666666=0x04c3e975
0x800005e0:blt    t0,t2,0x000         (0xfffffffe<0xe1368be1)=0->pc=0x800005e4
0x800005e4:mulhsu   t0,sp,ra  t0=0x80007ff0*0x800006d4=0xc0003c8e
0x800005e8:mulhsu   t1,ra,s1  t1=0x800006d4*0x55555555=0xd555579c
0x800005ec:mulhsu   t2,s7,a5  t2=0xbbbbbbbb*0xa5a5a5a5=0xd3d3d3d3
0x800005f0:mulhsu   t3,a0,s10  t3=0xa0a0a0a0*0xffffffff=0xa0a0a0a0
0x800005f4:mulhsu   t4,gp,tp  t4=0x800006e4*0x10101010=0xf7f7f866
0x800005f8:mulhsu   t5,a2,s8  t5=0xa2a2a2a2*0xcccccccc=0xb54ee881
0x800005fc:mulhsu   t6,a6,s7  t6=0xa6a6a6a6*0xbbbbbbbb=0xbe7a35f1
0x80000600:bltu    t1,t2,0x000   (0xd555579c<0xd3d3d3d3)=0->pc=0x80000604
0x80000604:mulhu   t0,sp,s1  t0=0x80007ff0*0x55555555=0x2aaad54f
0x80000608:mulhu   t1,ra,s2  t1=0x800006d4*0x66666666=0x333335ee
0x8000060c:mulhu   t2,gp,a3  t2=0x800006e4*0xa3a3a3a3=0x51d1d639
0x80000610:mulhu   t3,s0,s4  t3=0x44444444*0x88888888=0x2468acf0
0x80000614:mulhu   t4,tp,a5  t4=0x10101010*0xa5a5a5a5=0x0a64bf19
0x80000618:mulhu   t5,s3,t6  t5=0x77777777*0xbe7a35f1=0x58e3b2c5
0x8000061c:mulhu   t6,zero,s7  t6=0x00000000*0xbbbbbbbb=0x00000000
0x80000620:beq    t0,t6,0x000   (0x2aaad54f==0x00000000)=0->pc=0x80000624
0x80000624:div   t0,ra,zero  t0=0x800006d4/0x00000000=0xffffffff
0x80000628:div   t1,zero,ra  t1=0x00000000/0x800006d4=0x00000000
0x8000062c:div   t2,a1,a7  t2=0xa1a1a1a1/0xa7a7a7a7=0x00000001
0x80000630:div   t3,a6,a2  t3=0xa6a6a6a6/0xa2a2a2a2=0x00000000
0x80000634:div   t4,ra,gp  t4=0x800006d4/0x800006e4=0x00000001
0x80000638:div   t5,gp,ra  t5=0x800006e4/0x800006d4=0x00000000
0x8000063c:div   t6,gp,gp  t6=0x800006e4/0x800006e4=0x00000001
0x80000640:sub   t6,zero,t6  t6=0x00000000-0x00000001=0xffffffff
0x80000644:bne    t0,t6,0x000       (0xffffffff!=0xffffffff)=0->pc=0x80000648
0x80000648:divu   t0,a0,zero  t0=0xa0a0a0a0/0x00000000=0xffffffff
0x8000064c:divu   t1,zero,sp  t1=0x00000000/0x80007ff0=0x00000000
0x80000650:divu   t2,a2,a6  t2=0xa2a2a2a2/0xa6a6a6a6=0x00000000
0x80000654:divu   t3,ra,gp  t3=0x800006d4/0x800006e4=0x00000000
0x80000658:divu   t4,a5,s2  t4=0xa5a5a5a5/0x66666666=0x00000001
0x8000065c:divu   t5,gp,ra  t5=0x800006e4/0x800006d4=0x00000001
0x80000660:divu   t6,gp,gp  t6=0x800006e4/0x800006e4=0x00000001
0x80000664:sub   t6,zero,t6  t6=0x00000000-0x00000001=0xffffffff
0x80000668:bne    t0,t6,0x000       (0xffffffff!=0xffffffff)=0->pc=0x8000066c
0x8000066c:rem   t0,ra,zero  t0=0x800006d4%0x00000000=0x800006d4
0x80000670:rem   t1,zero,ra  t1=0x00000000%0x800006d4=0x00000000
0x80000674:rem   t2,a1,a7  t2=0xa1a1a1a1%0xa7a7a7a7=0xf9f9f9fa
0x80000678:rem   t3,a6,a2  t3=0xa6a6a6a6%0xa2a2a2a2=0xa6a6a6a6
0x8000067c:rem   t4,ra,gp  t4=0x800006d4%0x800006e4=0xfffffff0
0x80000680:rem   t5,gp,ra  t5=0x800006e4%0x800006d4=0x800006e4
0x80000684:rem   t6,gp,gp  t6=0x800006e4%0x800006e4=0x00000000
0x80000688:addi   t5,t5,0xff0         t5=0x800006e4+0xfffffff0=0x800006d4
0x8000068c:bne    t0,t5,0x000       (0x800006d4!=0x800006d4)=0->pc=0x80000690
0x80000690:remu   t0,a1,zero  t0=0xa1a1a1a1%0x00000000=0xa1a1a1a1
0x80000694:remu   t1,zero,sp  t1=0x00000000%0x80007ff0=0x00000000
0x80000698:remu   t2,a3,s6  t2=0xa3a3a3a3%0xaaaaaaaa=0xa3a3a3a3
0x8000069c:remu   t3,ra,tp  t3=0x800006d4%0x10101010=0x0f8f9664
0x800006a0:remu   t4,a7,s11  t4=0xa7a7a7a7%0x00000003=0x00000002
0x800006a4:remu   t5,tp,ra  t5=0x10101010%0x800006d4=0x10101010
0x800006a8:remu   t6,ra,ra  t6=0x800006d4%0x800006d4=0x00000000
0x800006ac:bne    t0,a1,0x000       (0xa1a1a1a1!=0xa1a1a1a1)=0->pc=0x800006b0
0x800006b0:jalr   zero,ra,0x000       pc=0x800006d4+0x00000000,zero=0x800006b4
0x800006d4:lw     ra,0x000(sp)        ra=mem[0x80007ff0]=0x800000b0
0x800006d8:addi   sp,sp,0x010         sp=0x80007ff0+0x00000010=0x80008000
0x800006dc:addi   a0,zero,0x000         a0=0x00000000+0x00000000=0x00000000
0x800006e0:jalr   zero,ra,0x000       pc=0x800000b0+0x00000000,zero=0x800006e4
0x800000b0:jal    zero,0xfffd8    pc=0x80000060,zero=0x800000b4
0x80000060:addi   sp,sp,0xff0         sp=0x80008000+0xfffffff0=0x80007ff0
0x80000064:sw     a0,0x004(sp)        mem[0x80007ff4]=0x00000000
0x80000068:addi   a0,zero,0x020         a0=0x00000000+0x00000020=0x00000020
0x8000006c:lui    a1,0x00020          a1=0x00020000
0x80000070:addi   a1,a1,0x026         a1=0x00020000+0x00000026=0x00020026
0x80000074:sw     a1,0x000(sp)        mem[0x80007ff0]=0x00020026
0x80000078:add    a1,zero,sp          a1=0x00000000+0x80007ff0=0x80007ff0
0x8000007c:jal    ra,0x0000a    pc=0x80000090,ra=0x80000080
0x80000090:slli   zero,zero,31        zero=0x00000000<<31=0x00000000
0x80000094:ebreak
